/softslin/synthesis2004_06_sp1/auxx/gui/common/histogram/base.tcl
/softslin/synthesis2004_06_sp1/auxx/gui/common/profiler/base.tcl
/softslin/synthesis2004_06_sp1/auxx/gui/common/schematic/base.tcl
/softslin/synthesis2004_06_sp1/auxx/gui/common/schematic/enable.tcl
/softslin/synthesis2004_06_sp1/auxx/gui/common/menus/base.tcl
/softslin/synthesis2004_06_sp1/auxx/gui/common/libviewer/base.tcl
/softslin/synthesis2004_06_sp1/auxx/gui/common/misc/viewmgr.tcl
/softslin/synthesis2004_06_sp1/auxx/gui/common/WindowFrameWork/windowFrameWork.tcl
/softslin/synthesis2004_06_sp1/auxx/gui/common/layout/col_srv.tcl
/softslin/synthesis2004_06_sp1/auxx/gui/common/pathinspector/base.tcl
/softslin/synthesis2004_06_sp1/auxx/gui/common/pathinspector/create_window_and_menu.tcl
/softslin/synthesis2004_06_sp1/libraries/syn/standard.sldb
/softslin/synthesis2004_06_sp1/libraries/syn/gtech.db
/softslin/AMS_3.70_CDS/synopsys/c35_3.3V/c35_CORELIB.db
/tp/xm1iarc/xm1iarc015/projet_asic/Crypto_garage/srcvhd/crypto_garage.vhd
/tp/xm1iarc/xm1iarc015/projet_asic/Crypto_garage/srcvhd/crypto_garage.vhd
/softslin/synthesis2004_06_sp1/libraries/syn/generic.sdb
/softslin/AMS_3.70_CDS/synopsys/c35_3.3V/c35_CORELIB.sdb
/softslin/synthesis2004_06_sp1/libraries/syn/1_25.font
/softslin/synthesis2004_06_sp1/auxx/gui/common/misc/viewporthistory.tcl
/softslin/synthesis2004_06_sp1/auxx/gui/common/misc/GuiMenuEnable.tcl
